Using pre-set license
Built from '2020.3/staging' branch; Version is '2020.3.0f1 (c7b5465681fb) revision 13088070'; Using compiler version '192528614'; Build Type 'Release'
OS: 'Windows 10 Pro; OS build 19042.985; Version 2009; 64bit' Language: 'en' Physical Memory: 3976 MB
BatchMode: 1, IsHumanControllingUs: 0, StartBugReporterOnCrash: 0, Is64bit: 1, IsPro: 0

 COMMAND LINE ARGUMENTS:
E:\Archivos de programas\Unity\Editor\Unity.exe
-adb2
-batchMode
-noUpm
-name
AssetImportWorker1
-projectPath
E:/Otros proyectos/Unity Projects/Juego RPG 2D estilo Zelda
-logFile
Logs/AssetImportWorker1.log
-srvPort
61470
Successfully changed project path to: E:/Otros proyectos/Unity Projects/Juego RPG 2D estilo Zelda
E:/Otros proyectos/Unity Projects/Juego RPG 2D estilo Zelda
Using Asset Import Pipeline V2.
Refreshing native plugins compatible for Editor in 82.00 ms, found 0 plugins.
Preloading 0 native plugins for Editor in 0.00 ms.
Initialize engine version: 2020.3.0f1 (c7b5465681fb)
[Subsystems] Discovering subsystems at path E:/Archivos de programas/Unity/Editor/Data/Resources/UnitySubsystems
[Subsystems] Discovering subsystems at path E:/Otros proyectos/Unity Projects/Juego RPG 2D estilo Zelda/Assets
GfxDevice: creating device client; threaded=0
Direct3D:
    Version:  Direct3D 11.0 [level 11.0]
    Renderer: NVIDIA NVS 4200M (ID=0x1056)
    Vendor:   
    VRAM:     451 MB
    Driver:   23.21.13.9256
Initialize mono
Mono path[0] = 'E:/Archivos de programas/Unity/Editor/Data/Managed'
Mono path[1] = 'E:/Archivos de programas/Unity/Editor/Data/MonoBleedingEdge/lib/mono/unityjit'
Mono config path = 'E:/Archivos de programas/Unity/Editor/Data/MonoBleedingEdge/etc'
Using monoOptions --debugger-agent=transport=dt_socket,embedding=1,server=y,suspend=n,address=127.0.0.1:56444
Begin MonoManager ReloadAssembly
Registering precompiled unity dll's ...
Register platform support module: E:/Archivos de programas/Unity/Editor/Data/PlaybackEngines/WindowsStandaloneSupport/UnityEditor.WindowsStandalone.Extensions.dll
Registered in 0.091947 seconds.
Native extension for WindowsStandalone target not found
Refreshing native plugins compatible for Editor in 67.63 ms, found 0 plugins.
Preloading 0 native plugins for Editor in 0.00 ms.
Invoked RoslynAnalysisRunner static constructor.
RoslynAnalysisRunner will not be running.
RoslynAnalysisRunner has terminated.
Mono: successfully reloaded assembly
- Completed reload, in  6.791 seconds
Platform modules already initialized, skipping
Registering precompiled user dll's ...
Registered in 0.022308 seconds.
